This file contains any messages produced by compilers while
running configure, to aid debugging if configure makes a mistake.

It was created by Libint2 configure 2.8.0, which was
generated by GNU Autoconf 2.71.  Invocation command line was

  $ libint/configure --prefix=/libint --with-cxx=clang++ '--with-cxx-optflags=-no-ipo -O3 -no-prec-div -xHost -std=c++11' --with-incdirs=-I/opt/local/include/eigen3

## --------- ##
## Platform. ##
## --------- ##

hostname = Stanley.local
uname -m = x86_64
uname -r = 21.6.0
uname -s = Darwin
uname -v = Darwin Kernel Version 21.6.0: Wed Aug 10 14:25:27 PDT 2022; root:xnu-8020.141.5~2/RELEASE_X86_64

/usr/bin/uname -p = i386
/bin/uname -X     = unknown

/bin/arch              = unknown
/usr/bin/arch -k       = unknown
/usr/convex/getsysinfo = unknown
/usr/bin/hostinfo      = Mach kernel version:
	 Darwin Kernel Version 21.6.0: Wed Aug 10 14:25:27 PDT 2022; root:xnu-8020.141.5~2/RELEASE_X86_64
Kernel configured for up to 16 processors.
8 processors are physically available.
8 processors are logically available.
Processor type: x86_64h (Intel x86-64h Haswell)
Processors active: 0 1 2 3 4 5 6 7 8 9 10 11 12 13 14 15
Primary memory available: 32.00 gigabytes
Default processor set: 703 tasks, 3447 threads, 16 processors
Load average: 2.70, Mach factor: 13.29
/bin/machine           = unknown
/usr/bin/oslevel       = unknown
/bin/universe          = unknown

PATH: /Users/yuchen/AMO/epolyscat/libint_interface/libint/
PATH: /Users/yuchen/.local/bin/
PATH: /Users/yuchen/anaconda3/bin/
PATH: /Users/yuchen/anaconda3/condabin/
PATH: /Users/yuchen/.local/bin/
PATH: /opt/local/bin/
PATH: /opt/local/sbin/
PATH: /usr/local/bin/
PATH: /usr/bin/
PATH: /bin/
PATH: /usr/sbin/
PATH: /sbin/
PATH: /Library/TeX/texbin/
PATH: /usr/local/share/dotnet/
PATH: /opt/X11/bin/
PATH: ~/.dotnet/tools/
PATH: /Library/Apple/usr/bin/
PATH: /Library/Frameworks/Mono.framework/Versions/Current/Commands/


## ----------- ##
## Core tests. ##
## ----------- ##

configure:3101: looking for aux files: ltmain.sh install-sh config.guess config.sub
configure:3114:  trying libint/bin/
configure:3143:   libint/bin/ltmain.sh found
configure:3125:   libint/bin/install-sh found
configure:3143:   libint/bin/config.guess found
configure:3143:   libint/bin/config.sub found
configure:3274: checking build system type
configure:3289: result: x86_64-apple-darwin21.6.0
configure:3309: checking host system type
configure:3323: result: x86_64-apple-darwin21.6.0
configure:3343: checking target system type
configure:3357: result: x86_64-apple-darwin21.6.0
configure:3440: result: Using standard ordering of cartesian Gaussians
configure:3487: result: Using standard ordering of solid harmonic Gaussians
configure:3519: result: Will generate standard shell quartet sets
configure:4217: result: Will generate composite evaluators for multiple integral types
configure:4304: result: Shell sets will be unrolled up to size 100
configure:4394: result: Will generate single evaluator type
configure:4423: result: Will not generate FMA instructions
configure:4448: result: Will copy integrals to the buffer
configure:4473: result: FLOP counter will not be supported
configure:4498: result: Profiling instrumentation disabled
configure:4520: result: Will support contracted integrals
configure:4760: checking whether make sets $(MAKE)
configure:4783: result: yes
configure:4792: checking whether ln -s works
configure:4796: result: yes
configure:4818: checking for a BSD-compatible install
configure:4891: result: /usr/bin/install -c
configure:5091: checking for C++ compiler version
configure:5100: clang++ --version >&5
Apple clang version 13.1.6 (clang-1316.0.21.2.5)
Target: x86_64-apple-darwin21.6.0
Thread model: posix
InstalledDir: /Applications/Xcode.app/Contents/Developer/Toolchains/XcodeDefault.xctoolchain/usr/bin
configure:5111: $? = 0
configure:5100: clang++ -v >&5
Apple clang version 13.1.6 (clang-1316.0.21.2.5)
Target: x86_64-apple-darwin21.6.0
Thread model: posix
InstalledDir: /Applications/Xcode.app/Contents/Developer/Toolchains/XcodeDefault.xctoolchain/usr/bin
configure:5111: $? = 0
configure:5100: clang++ -V >&5
clang: error: argument to '-V' is missing (expected 1 value)
clang: error: no input files
configure:5111: $? = 1
configure:5100: clang++ -qversion >&5
clang: error: unknown argument '-qversion'; did you mean '--version'?
clang: error: no input files
configure:5111: $? = 1
configure:5131: checking whether the C++ compiler works
configure:5153: clang++  -I/opt/local/include/eigen3 -L/usr/local/opt/lapack/lib conftest.cpp  >&5
configure:5157: $? = 0
configure:5207: result: yes
configure:5210: checking for C++ compiler default output file name
configure:5212: result: a.out
configure:5218: checking for suffix of executables
configure:5225: clang++ -o conftest  -I/opt/local/include/eigen3 -L/usr/local/opt/lapack/lib conftest.cpp  >&5
configure:5229: $? = 0
configure:5252: result: 
configure:5274: checking whether we are cross compiling
configure:5282: clang++ -o conftest  -I/opt/local/include/eigen3 -L/usr/local/opt/lapack/lib conftest.cpp  >&5
configure:5286: $? = 0
configure:5293: ./conftest
configure:5297: $? = 0
configure:5312: result: no
configure:5317: checking for suffix of object files
configure:5340: clang++ -c  -I/opt/local/include/eigen3 conftest.cpp >&5
configure:5344: $? = 0
configure:5366: result: o
configure:5370: checking whether the compiler supports GNU C++
configure:5390: clang++ -c  -I/opt/local/include/eigen3 conftest.cpp >&5
configure:5390: $? = 0
configure:5400: result: yes
configure:5411: checking whether clang++ accepts -g
configure:5432: clang++ -c -g -I/opt/local/include/eigen3 conftest.cpp >&5
configure:5432: $? = 0
configure:5476: result: yes
configure:5496: checking for clang++ option to enable C++11 features
configure:5511: clang++  -c -g -O2 -I/opt/local/include/eigen3 conftest.cpp >&5
conftest.cpp:85:3: error: "Compiler does not advertise C++11 conformance"
# error "Compiler does not advertise C++11 conformance"
  ^
conftest.cpp:90:3: error: unknown type name 'constexpr'
  constexpr int get_val() { return 20; }
  ^
conftest.cpp:102:17: error: delegating constructors are permitted only in C++11
    delegate(): delegate(2354) {}
                ^~~~~~~~
conftest.cpp:113:26: warning: 'override' keyword is a C++11 extension [-Wc++11-extensions]
    virtual int getval() override final { return this->n * 2; }
                         ^
conftest.cpp:113:35: warning: 'final' keyword is a C++11 extension [-Wc++11-extensions]
    virtual int getval() override final { return this->n * 2; }
                                  ^
conftest.cpp:120:16: warning: defaulted function definitions are a C++11 extension [-Wc++11-extensions]
    nocopy() = default;
               ^
conftest.cpp:121:29: warning: deleted function definitions are a C++11 extension [-Wc++11-extensions]
    nocopy(const nocopy&) = delete;
                            ^
conftest.cpp:122:41: warning: deleted function definitions are a C++11 extension [-Wc++11-extensions]
    nocopy & operator=(const nocopy&) = delete;
                                        ^
conftest.cpp:134:25: warning: 'auto' type specifier is a C++11 extension [-Wc++11-extensions]
  template <typename V> auto sum(V first) -> V
                        ^
conftest.cpp:134:25: error: 'auto' not allowed in function return type
  template <typename V> auto sum(V first) -> V
                        ^~~~
conftest.cpp:134:42: error: expected ';' at end of declaration
  template <typename V> auto sum(V first) -> V
                                         ^
                                         ;
conftest.cpp:134:43: error: cannot use arrow operator on a type
  template <typename V> auto sum(V first) -> V
                                          ^
conftest.cpp:138:33: warning: variadic templates are a C++11 extension [-Wc++11-extensions]
  template <typename V, typename... Args> auto sum(V first, Args... rest) -> V
                                ^
conftest.cpp:138:43: warning: 'auto' type specifier is a C++11 extension [-Wc++11-extensions]
  template <typename V, typename... Args> auto sum(V first, Args... rest) -> V
                                          ^
conftest.cpp:138:43: error: 'auto' not allowed in function return type
  template <typename V, typename... Args> auto sum(V first, Args... rest) -> V
                                          ^~~~
conftest.cpp:138:74: error: expected ';' at end of declaration
  template <typename V, typename... Args> auto sum(V first, Args... rest) -> V
                                                                         ^
                                                                         ;
conftest.cpp:138:75: error: cannot use arrow operator on a type
  template <typename V, typename... Args> auto sum(V first, Args... rest) -> V
                                                                          ^
conftest.cpp:162:3: warning: 'auto' type specifier is a C++11 extension [-Wc++11-extensions]
  auto a1 = 6538;
  ^
conftest.cpp:163:3: warning: 'auto' type specifier is a C++11 extension [-Wc++11-extensions]
  auto a2 = 48573953.4;
  ^
conftest.cpp:164:3: warning: 'auto' type specifier is a C++11 extension [-Wc++11-extensions]
  auto a3 = "String literal";
  ^
conftest.cpp:167:8: warning: 'auto' type specifier is a C++11 extension [-Wc++11-extensions]
  for (auto i = a3; *i; ++i) { total += *i; }
       ^
conftest.cpp:183:8: warning: 'auto' type specifier is a C++11 extension [-Wc++11-extensions]
  for (auto &x : array) { x += 23; }
       ^
conftest.cpp:183:16: warning: range-based for loop is a C++11 extension [-Wc++11-extensions]
  for (auto &x : array) { x += 23; }
               ^
conftest.cpp:188:17: error: expected expression
  assert (eval ([](int x) { return x*2; }, 21) == 42);
                ^
conftest.cpp:190:17: error: expected expression
  assert (eval ([&](double x) { return d += x; }, 3.0) == 5.0);
                ^
conftest.cpp:192:17: error: expected expression
  assert (eval ([=](double x) mutable { return d += x; }, 4.0) == 9.0);
                ^
conftest.cpp:198:3: warning: 'auto' type specifier is a C++11 extension [-Wc++11-extensions]
  auto a = sum(1);
  ^
conftest.cpp:198:12: error: no matching function for call to 'sum'
  auto a = sum(1);
           ^~~
conftest.cpp:199:3: warning: 'auto' type specifier is a C++11 extension [-Wc++11-extensions]
  auto b = sum(1, 2);
  ^
conftest.cpp:199:12: error: no matching function for call to 'sum'
  auto b = sum(1, 2);
           ^~~
conftest.cpp:200:3: warning: 'auto' type specifier is a C++11 extension [-Wc++11-extensions]
  auto c = sum(1.0, 2.0, 3.0);
  ^
conftest.cpp:200:12: error: no matching function for call to 'sum'
  auto c = sum(1.0, 2.0, 3.0);
           ^~~
conftest.cpp:205:25: warning: empty parentheses interpreted as a function declaration [-Wvexing-parse]
  cxx11test::delegate d2();
                        ^~
conftest.cpp:205:25: note: remove parentheses to declare a variable
  cxx11test::delegate d2();
                        ^~
conftest.cpp:218:16: error: found '<::' after a template name which forms the digraph '<:' (aka '[') and a ':', did you mean '< ::'?
  test_template<::test_template<int>> v(test_template<int>(12));
               ^~~
               < ::
conftest.cpp:218:36: error: a space is required between consecutive right angle brackets (use '> >')
  test_template<::test_template<int>> v(test_template<int>(12));
                                   ^~
                                   > >
conftest.cpp:222:22: error: use of undeclared identifier 'u8'
  char const *utf8 = u8"UTF-8 string \u2500";
                     ^
conftest.cpp:222:24: error: expected ';' at end of declaration
  char const *utf8 = u8"UTF-8 string \u2500";
                       ^
                       ;
fatal error: too many errors emitted, stopping now [-ferror-limit=]
18 warnings and 20 errors generated.
configure:5511: $? = 1
configure: failed program was:
| /* confdefs.h */
| #define PACKAGE_NAME "Libint2"
| #define PACKAGE_TARNAME "libint2"
| #define PACKAGE_VERSION "2.8.0"
| #define PACKAGE_STRING "Libint2 2.8.0"
| #define PACKAGE_BUGREPORT "libint@valeyev.net"
| #define PACKAGE_URL ""
| #define LIBINT_HOST_ARCH "x86_64-apple-darwin21.6.0"
| #define LIBINT_TARGET_ARCH "x86_64-apple-darwin21.6.0"
| #define LIBINT_MAJOR_VERSION 2
| #define LIBINT_MINOR_VERSION 8
| #define LIBINT_MICRO_VERSION 0
| #define LIBINT_CGSHELL_ORDERING 1
| #define LIBINT_CGSHELL_ORDERING_STANDARD 1
| #define LIBINT_CGSHELL_ORDERING_INTV3 2
| #define LIBINT_CGSHELL_ORDERING_GAMESS 3
| #define LIBINT_CGSHELL_ORDERING_ORCA 4
| #define LIBINT_CGSHELL_ORDERING_BAGEL 5
| #define LIBINT_SHGSHELL_ORDERING 1
| #define LIBINT_SHGSHELL_ORDERING_STANDARD 1
| #define LIBINT_SHGSHELL_ORDERING_GAUSSIAN 2
| #define LIBINT_SHELL_SET 1
| #define LIBINT_SHELL_SET_STANDARD 1
| #define LIBINT_SHELL_SET_ORCA 2
| #define DISABLE_ONEBODY_PROPERTY_DERIVS 1
| #define LIBINT_MAX_AM 4
| #define LIBINT_OPT_AM 3
| #define INCLUDE_ERI 0
| #define MULTIPOLE_MAX_ORDER 4
| #define INCLUDE_ONEBODY 0
| #define LIBINT_USE_COMPOSITE_EVALUATORS 1
| #define LIBINT_ENABLE_UNROLLING 100
| #define LIBINT_SINGLE_EVALTYPE 1
| #define LIBINT_CONTRACTED_INTS 1
| #define LIBINT_ERI_STRATEGY 1
| #define LIBINT_BUILDID ""
| #define LIBINT_VERSION "2.8.0"
| /* end confdefs.h.  */
| 
| // Does the compiler advertise C++98 conformance?
| #if !defined __cplusplus || __cplusplus < 199711L
| # error "Compiler does not advertise C++98 conformance"
| #endif
| 
| // These inclusions are to reject old compilers that
| // lack the unsuffixed header files.
| #include <cstdlib>
| #include <exception>
| 
| // <cassert> and <cstring> are *not* freestanding headers in C++98.
| extern void assert (int);
| namespace std {
|   extern int strcmp (const char *, const char *);
| }
| 
| // Namespaces, exceptions, and templates were all added after "C++ 2.0".
| using std::exception;
| using std::strcmp;
| 
| namespace {
| 
| void test_exception_syntax()
| {
|   try {
|     throw "test";
|   } catch (const char *s) {
|     // Extra parentheses suppress a warning when building autoconf itself,
|     // due to lint rules shared with more typical C programs.
|     assert (!(strcmp) (s, "test"));
|   }
| }
| 
| template <typename T> struct test_template
| {
|   T const val;
|   explicit test_template(T t) : val(t) {}
|   template <typename U> T add(U u) { return static_cast<T>(u) + val; }
| };
| 
| } // anonymous namespace
| 
| 
| // Does the compiler advertise C++ 2011 conformance?
| #if !defined __cplusplus || __cplusplus < 201103L
| # error "Compiler does not advertise C++11 conformance"
| #endif
| 
| namespace cxx11test
| {
|   constexpr int get_val() { return 20; }
| 
|   struct testinit
|   {
|     int i;
|     double d;
|   };
| 
|   class delegate
|   {
|   public:
|     delegate(int n) : n(n) {}
|     delegate(): delegate(2354) {}
| 
|     virtual int getval() { return this->n; };
|   protected:
|     int n;
|   };
| 
|   class overridden : public delegate
|   {
|   public:
|     overridden(int n): delegate(n) {}
|     virtual int getval() override final { return this->n * 2; }
|   };
| 
|   class nocopy
|   {
|   public:
|     nocopy(int i): i(i) {}
|     nocopy() = default;
|     nocopy(const nocopy&) = delete;
|     nocopy & operator=(const nocopy&) = delete;
|   private:
|     int i;
|   };
| 
|   // for testing lambda expressions
|   template <typename Ret, typename Fn> Ret eval(Fn f, Ret v)
|   {
|     return f(v);
|   }
| 
|   // for testing variadic templates and trailing return types
|   template <typename V> auto sum(V first) -> V
|   {
|     return first;
|   }
|   template <typename V, typename... Args> auto sum(V first, Args... rest) -> V
|   {
|     return first + sum(rest...);
|   }
| }
| 
| 
| int
| main (int argc, char **argv)
| {
|   int ok = 0;
|   
|   assert (argc);
|   assert (! argv[0]);
| {
|   test_exception_syntax ();
|   test_template<double> tt (2.0);
|   assert (tt.add (4) == 6.0);
|   assert (true && !false);
| }
| 
|   
| {
|   // Test auto and decltype
|   auto a1 = 6538;
|   auto a2 = 48573953.4;
|   auto a3 = "String literal";
| 
|   int total = 0;
|   for (auto i = a3; *i; ++i) { total += *i; }
| 
|   decltype(a2) a4 = 34895.034;
| }
| {
|   // Test constexpr
|   short sa[cxx11test::get_val()] = { 0 };
| }
| {
|   // Test initializer lists
|   cxx11test::testinit il = { 4323, 435234.23544 };
| }
| {
|   // Test range-based for
|   int array[] = {9, 7, 13, 15, 4, 18, 12, 10, 5, 3,
|                  14, 19, 17, 8, 6, 20, 16, 2, 11, 1};
|   for (auto &x : array) { x += 23; }
| }
| {
|   // Test lambda expressions
|   using cxx11test::eval;
|   assert (eval ([](int x) { return x*2; }, 21) == 42);
|   double d = 2.0;
|   assert (eval ([&](double x) { return d += x; }, 3.0) == 5.0);
|   assert (d == 5.0);
|   assert (eval ([=](double x) mutable { return d += x; }, 4.0) == 9.0);
|   assert (d == 5.0);
| }
| {
|   // Test use of variadic templates
|   using cxx11test::sum;
|   auto a = sum(1);
|   auto b = sum(1, 2);
|   auto c = sum(1.0, 2.0, 3.0);
| }
| {
|   // Test constructor delegation
|   cxx11test::delegate d1;
|   cxx11test::delegate d2();
|   cxx11test::delegate d3(45);
| }
| {
|   // Test override and final
|   cxx11test::overridden o1(55464);
| }
| {
|   // Test nullptr
|   char *c = nullptr;
| }
| {
|   // Test template brackets
|   test_template<::test_template<int>> v(test_template<int>(12));
| }
| {
|   // Unicode literals
|   char const *utf8 = u8"UTF-8 string \u2500";
|   char16_t const *utf16 = u"UTF-8 string \u2500";
|   char32_t const *utf32 = U"UTF-32 string \u2500";
| }
| 
|   return ok;
| }
| 
configure:5529: result: none needed
configure:5598: checking how to run the C++ preprocessor
configure:5620: clang++ -E -I/opt/local/include/eigen3 conftest.cpp
configure:5620: $? = 0
configure:5635: clang++ -E -I/opt/local/include/eigen3 conftest.cpp
conftest.cpp:39:10: fatal error: 'ac_nonexistent.h' file not found
#include <ac_nonexistent.h>
         ^~~~~~~~~~~~~~~~~~
1 error generated.
configure:5635: $? = 1
configure: failed program was:
| /* confdefs.h */
| #define PACKAGE_NAME "Libint2"
| #define PACKAGE_TARNAME "libint2"
| #define PACKAGE_VERSION "2.8.0"
| #define PACKAGE_STRING "Libint2 2.8.0"
| #define PACKAGE_BUGREPORT "libint@valeyev.net"
| #define PACKAGE_URL ""
| #define LIBINT_HOST_ARCH "x86_64-apple-darwin21.6.0"
| #define LIBINT_TARGET_ARCH "x86_64-apple-darwin21.6.0"
| #define LIBINT_MAJOR_VERSION 2
| #define LIBINT_MINOR_VERSION 8
| #define LIBINT_MICRO_VERSION 0
| #define LIBINT_CGSHELL_ORDERING 1
| #define LIBINT_CGSHELL_ORDERING_STANDARD 1
| #define LIBINT_CGSHELL_ORDERING_INTV3 2
| #define LIBINT_CGSHELL_ORDERING_GAMESS 3
| #define LIBINT_CGSHELL_ORDERING_ORCA 4
| #define LIBINT_CGSHELL_ORDERING_BAGEL 5
| #define LIBINT_SHGSHELL_ORDERING 1
| #define LIBINT_SHGSHELL_ORDERING_STANDARD 1
| #define LIBINT_SHGSHELL_ORDERING_GAUSSIAN 2
| #define LIBINT_SHELL_SET 1
| #define LIBINT_SHELL_SET_STANDARD 1
| #define LIBINT_SHELL_SET_ORCA 2
| #define DISABLE_ONEBODY_PROPERTY_DERIVS 1
| #define LIBINT_MAX_AM 4
| #define LIBINT_OPT_AM 3
| #define INCLUDE_ERI 0
| #define MULTIPOLE_MAX_ORDER 4
| #define INCLUDE_ONEBODY 0
| #define LIBINT_USE_COMPOSITE_EVALUATORS 1
| #define LIBINT_ENABLE_UNROLLING 100
| #define LIBINT_SINGLE_EVALTYPE 1
| #define LIBINT_CONTRACTED_INTS 1
| #define LIBINT_ERI_STRATEGY 1
| #define LIBINT_BUILDID ""
| #define LIBINT_VERSION "2.8.0"
| /* end confdefs.h.  */
| #include <ac_nonexistent.h>
configure:5662: result: clang++ -E
configure:5676: clang++ -E -I/opt/local/include/eigen3 conftest.cpp
configure:5676: $? = 0
configure:5691: clang++ -E -I/opt/local/include/eigen3 conftest.cpp
conftest.cpp:39:10: fatal error: 'ac_nonexistent.h' file not found
#include <ac_nonexistent.h>
         ^~~~~~~~~~~~~~~~~~
1 error generated.
configure:5691: $? = 1
configure: failed program was:
| /* confdefs.h */
| #define PACKAGE_NAME "Libint2"
| #define PACKAGE_TARNAME "libint2"
| #define PACKAGE_VERSION "2.8.0"
| #define PACKAGE_STRING "Libint2 2.8.0"
| #define PACKAGE_BUGREPORT "libint@valeyev.net"
| #define PACKAGE_URL ""
| #define LIBINT_HOST_ARCH "x86_64-apple-darwin21.6.0"
| #define LIBINT_TARGET_ARCH "x86_64-apple-darwin21.6.0"
| #define LIBINT_MAJOR_VERSION 2
| #define LIBINT_MINOR_VERSION 8
| #define LIBINT_MICRO_VERSION 0
| #define LIBINT_CGSHELL_ORDERING 1
| #define LIBINT_CGSHELL_ORDERING_STANDARD 1
| #define LIBINT_CGSHELL_ORDERING_INTV3 2
| #define LIBINT_CGSHELL_ORDERING_GAMESS 3
| #define LIBINT_CGSHELL_ORDERING_ORCA 4
| #define LIBINT_CGSHELL_ORDERING_BAGEL 5
| #define LIBINT_SHGSHELL_ORDERING 1
| #define LIBINT_SHGSHELL_ORDERING_STANDARD 1
| #define LIBINT_SHGSHELL_ORDERING_GAUSSIAN 2
| #define LIBINT_SHELL_SET 1
| #define LIBINT_SHELL_SET_STANDARD 1
| #define LIBINT_SHELL_SET_ORCA 2
| #define DISABLE_ONEBODY_PROPERTY_DERIVS 1
| #define LIBINT_MAX_AM 4
| #define LIBINT_OPT_AM 3
| #define INCLUDE_ERI 0
| #define MULTIPOLE_MAX_ORDER 4
| #define INCLUDE_ONEBODY 0
| #define LIBINT_USE_COMPOSITE_EVALUATORS 1
| #define LIBINT_ENABLE_UNROLLING 100
| #define LIBINT_SINGLE_EVALTYPE 1
| #define LIBINT_CONTRACTED_INTS 1
| #define LIBINT_ERI_STRATEGY 1
| #define LIBINT_BUILDID ""
| #define LIBINT_VERSION "2.8.0"
| /* end confdefs.h.  */
| #include <ac_nonexistent.h>
configure:5725: checking for ar
configure:5746: found /usr/bin/ar
configure:5757: result: ar
configure:5767: checking for perl
configure:5788: found /usr/bin/perl
configure:5799: result: perl
configure:5811: checking for gnutar
configure:5846: result: no
configure:5811: checking for tar
configure:5832: found /usr/bin/tar
configure:5843: result: tar
configure:5859: checking for python
configure:5880: found /Users/yuchen/anaconda3/bin/python
configure:5891: result: python
configure:5905: checking for doxygen
configure:5944: result: no
configure:5951: checking for pdflatex
configure:5975: found /Library/TeX/texbin/pdflatex
configure:5987: result: /Library/TeX/texbin/pdflatex
configure:5997: checking for pslatex
configure:6021: found /Library/TeX/texbin/pslatex
configure:6033: result: /Library/TeX/texbin/pslatex
configure:6043: checking for dvips
configure:6067: found /Library/TeX/texbin/dvips
configure:6079: result: /Library/TeX/texbin/dvips
configure:6089: checking for latex
configure:6113: found /Library/TeX/texbin/latex
configure:6125: result: /Library/TeX/texbin/latex
configure:6135: checking for latex2html
configure:6174: result: no
configure:6181: checking for bibtex
configure:6205: found /Library/TeX/texbin/bibtex
configure:6217: result: /Library/TeX/texbin/bibtex
configure:6244: WARNING: C++ optimization options are not given! For optimum performance give CXXGENFLAGS or use --with-cxxgen-optflags configure option
configure:6324: checking for stdio.h
configure:6324: clang++ -c  -no-ipo -O3 -no-prec-div -xHost -std=c++11  -I/opt/local/include/eigen3 conftest.cpp >&5
clang: error: unknown argument: '-no-ipo'
clang: error: unknown argument: '-no-prec-div'
clang: error: language not recognized: 'Host'
clang: warning: conftest.cpp: 'linker' input unused [-Wunused-command-line-argument]
configure:6324: $? = 1
configure: failed program was:
| /* confdefs.h */
| #define PACKAGE_NAME "Libint2"
| #define PACKAGE_TARNAME "libint2"
| #define PACKAGE_VERSION "2.8.0"
| #define PACKAGE_STRING "Libint2 2.8.0"
| #define PACKAGE_BUGREPORT "libint@valeyev.net"
| #define PACKAGE_URL ""
| #define LIBINT_HOST_ARCH "x86_64-apple-darwin21.6.0"
| #define LIBINT_TARGET_ARCH "x86_64-apple-darwin21.6.0"
| #define LIBINT_MAJOR_VERSION 2
| #define LIBINT_MINOR_VERSION 8
| #define LIBINT_MICRO_VERSION 0
| #define LIBINT_CGSHELL_ORDERING 1
| #define LIBINT_CGSHELL_ORDERING_STANDARD 1
| #define LIBINT_CGSHELL_ORDERING_INTV3 2
| #define LIBINT_CGSHELL_ORDERING_GAMESS 3
| #define LIBINT_CGSHELL_ORDERING_ORCA 4
| #define LIBINT_CGSHELL_ORDERING_BAGEL 5
| #define LIBINT_SHGSHELL_ORDERING 1
| #define LIBINT_SHGSHELL_ORDERING_STANDARD 1
| #define LIBINT_SHGSHELL_ORDERING_GAUSSIAN 2
| #define LIBINT_SHELL_SET 1
| #define LIBINT_SHELL_SET_STANDARD 1
| #define LIBINT_SHELL_SET_ORCA 2
| #define DISABLE_ONEBODY_PROPERTY_DERIVS 1
| #define LIBINT_MAX_AM 4
| #define LIBINT_OPT_AM 3
| #define INCLUDE_ERI 0
| #define MULTIPOLE_MAX_ORDER 4
| #define INCLUDE_ONEBODY 0
| #define LIBINT_USE_COMPOSITE_EVALUATORS 1
| #define LIBINT_ENABLE_UNROLLING 100
| #define LIBINT_SINGLE_EVALTYPE 1
| #define LIBINT_CONTRACTED_INTS 1
| #define LIBINT_ERI_STRATEGY 1
| #define LIBINT_BUILDID ""
| #define LIBINT_VERSION "2.8.0"
| /* end confdefs.h.  */
| #include <stddef.h>
| #ifdef HAVE_STDIO_H
| # include <stdio.h>
| #endif
| #ifdef HAVE_STDLIB_H
| # include <stdlib.h>
| #endif
| #ifdef HAVE_STRING_H
| # include <string.h>
| #endif
| #ifdef HAVE_INTTYPES_H
| # include <inttypes.h>
| #endif
| #ifdef HAVE_STDINT_H
| # include <stdint.h>
| #endif
| #ifdef HAVE_STRINGS_H
| # include <strings.h>
| #endif
| #ifdef HAVE_SYS_TYPES_H
| # include <sys/types.h>
| #endif
| #ifdef HAVE_SYS_STAT_H
| # include <sys/stat.h>
| #endif
| #ifdef HAVE_UNISTD_H
| # include <unistd.h>
| #endif
| #include <stdio.h>
configure:6324: result: no
configure:6324: checking for stdlib.h
configure:6324: clang++ -c  -no-ipo -O3 -no-prec-div -xHost -std=c++11  -I/opt/local/include/eigen3 conftest.cpp >&5
clang: error: unknown argument: '-no-ipo'
clang: error: unknown argument: '-no-prec-div'
clang: error: language not recognized: 'Host'
clang: warning: conftest.cpp: 'linker' input unused [-Wunused-command-line-argument]
configure:6324: $? = 1
configure: failed program was:
| /* confdefs.h */
| #define PACKAGE_NAME "Libint2"
| #define PACKAGE_TARNAME "libint2"
| #define PACKAGE_VERSION "2.8.0"
| #define PACKAGE_STRING "Libint2 2.8.0"
| #define PACKAGE_BUGREPORT "libint@valeyev.net"
| #define PACKAGE_URL ""
| #define LIBINT_HOST_ARCH "x86_64-apple-darwin21.6.0"
| #define LIBINT_TARGET_ARCH "x86_64-apple-darwin21.6.0"
| #define LIBINT_MAJOR_VERSION 2
| #define LIBINT_MINOR_VERSION 8
| #define LIBINT_MICRO_VERSION 0
| #define LIBINT_CGSHELL_ORDERING 1
| #define LIBINT_CGSHELL_ORDERING_STANDARD 1
| #define LIBINT_CGSHELL_ORDERING_INTV3 2
| #define LIBINT_CGSHELL_ORDERING_GAMESS 3
| #define LIBINT_CGSHELL_ORDERING_ORCA 4
| #define LIBINT_CGSHELL_ORDERING_BAGEL 5
| #define LIBINT_SHGSHELL_ORDERING 1
| #define LIBINT_SHGSHELL_ORDERING_STANDARD 1
| #define LIBINT_SHGSHELL_ORDERING_GAUSSIAN 2
| #define LIBINT_SHELL_SET 1
| #define LIBINT_SHELL_SET_STANDARD 1
| #define LIBINT_SHELL_SET_ORCA 2
| #define DISABLE_ONEBODY_PROPERTY_DERIVS 1
| #define LIBINT_MAX_AM 4
| #define LIBINT_OPT_AM 3
| #define INCLUDE_ERI 0
| #define MULTIPOLE_MAX_ORDER 4
| #define INCLUDE_ONEBODY 0
| #define LIBINT_USE_COMPOSITE_EVALUATORS 1
| #define LIBINT_ENABLE_UNROLLING 100
| #define LIBINT_SINGLE_EVALTYPE 1
| #define LIBINT_CONTRACTED_INTS 1
| #define LIBINT_ERI_STRATEGY 1
| #define LIBINT_BUILDID ""
| #define LIBINT_VERSION "2.8.0"
| /* end confdefs.h.  */
| #include <stddef.h>
| #ifdef HAVE_STDIO_H
| # include <stdio.h>
| #endif
| #ifdef HAVE_STDLIB_H
| # include <stdlib.h>
| #endif
| #ifdef HAVE_STRING_H
| # include <string.h>
| #endif
| #ifdef HAVE_INTTYPES_H
| # include <inttypes.h>
| #endif
| #ifdef HAVE_STDINT_H
| # include <stdint.h>
| #endif
| #ifdef HAVE_STRINGS_H
| # include <strings.h>
| #endif
| #ifdef HAVE_SYS_TYPES_H
| # include <sys/types.h>
| #endif
| #ifdef HAVE_SYS_STAT_H
| # include <sys/stat.h>
| #endif
| #ifdef HAVE_UNISTD_H
| # include <unistd.h>
| #endif
| #include <stdlib.h>
configure:6324: result: no
configure:6324: checking for string.h
configure:6324: clang++ -c  -no-ipo -O3 -no-prec-div -xHost -std=c++11  -I/opt/local/include/eigen3 conftest.cpp >&5
clang: error: unknown argument: '-no-ipo'
clang: error: unknown argument: '-no-prec-div'
clang: error: language not recognized: 'Host'
clang: warning: conftest.cpp: 'linker' input unused [-Wunused-command-line-argument]
configure:6324: $? = 1
configure: failed program was:
| /* confdefs.h */
| #define PACKAGE_NAME "Libint2"
| #define PACKAGE_TARNAME "libint2"
| #define PACKAGE_VERSION "2.8.0"
| #define PACKAGE_STRING "Libint2 2.8.0"
| #define PACKAGE_BUGREPORT "libint@valeyev.net"
| #define PACKAGE_URL ""
| #define LIBINT_HOST_ARCH "x86_64-apple-darwin21.6.0"
| #define LIBINT_TARGET_ARCH "x86_64-apple-darwin21.6.0"
| #define LIBINT_MAJOR_VERSION 2
| #define LIBINT_MINOR_VERSION 8
| #define LIBINT_MICRO_VERSION 0
| #define LIBINT_CGSHELL_ORDERING 1
| #define LIBINT_CGSHELL_ORDERING_STANDARD 1
| #define LIBINT_CGSHELL_ORDERING_INTV3 2
| #define LIBINT_CGSHELL_ORDERING_GAMESS 3
| #define LIBINT_CGSHELL_ORDERING_ORCA 4
| #define LIBINT_CGSHELL_ORDERING_BAGEL 5
| #define LIBINT_SHGSHELL_ORDERING 1
| #define LIBINT_SHGSHELL_ORDERING_STANDARD 1
| #define LIBINT_SHGSHELL_ORDERING_GAUSSIAN 2
| #define LIBINT_SHELL_SET 1
| #define LIBINT_SHELL_SET_STANDARD 1
| #define LIBINT_SHELL_SET_ORCA 2
| #define DISABLE_ONEBODY_PROPERTY_DERIVS 1
| #define LIBINT_MAX_AM 4
| #define LIBINT_OPT_AM 3
| #define INCLUDE_ERI 0
| #define MULTIPOLE_MAX_ORDER 4
| #define INCLUDE_ONEBODY 0
| #define LIBINT_USE_COMPOSITE_EVALUATORS 1
| #define LIBINT_ENABLE_UNROLLING 100
| #define LIBINT_SINGLE_EVALTYPE 1
| #define LIBINT_CONTRACTED_INTS 1
| #define LIBINT_ERI_STRATEGY 1
| #define LIBINT_BUILDID ""
| #define LIBINT_VERSION "2.8.0"
| /* end confdefs.h.  */
| #include <stddef.h>
| #ifdef HAVE_STDIO_H
| # include <stdio.h>
| #endif
| #ifdef HAVE_STDLIB_H
| # include <stdlib.h>
| #endif
| #ifdef HAVE_STRING_H
| # include <string.h>
| #endif
| #ifdef HAVE_INTTYPES_H
| # include <inttypes.h>
| #endif
| #ifdef HAVE_STDINT_H
| # include <stdint.h>
| #endif
| #ifdef HAVE_STRINGS_H
| # include <strings.h>
| #endif
| #ifdef HAVE_SYS_TYPES_H
| # include <sys/types.h>
| #endif
| #ifdef HAVE_SYS_STAT_H
| # include <sys/stat.h>
| #endif
| #ifdef HAVE_UNISTD_H
| # include <unistd.h>
| #endif
| #include <string.h>
configure:6324: result: no
configure:6324: checking for inttypes.h
configure:6324: clang++ -c  -no-ipo -O3 -no-prec-div -xHost -std=c++11  -I/opt/local/include/eigen3 conftest.cpp >&5
clang: error: unknown argument: '-no-ipo'
clang: error: unknown argument: '-no-prec-div'
clang: error: language not recognized: 'Host'
clang: warning: conftest.cpp: 'linker' input unused [-Wunused-command-line-argument]
configure:6324: $? = 1
configure: failed program was:
| /* confdefs.h */
| #define PACKAGE_NAME "Libint2"
| #define PACKAGE_TARNAME "libint2"
| #define PACKAGE_VERSION "2.8.0"
| #define PACKAGE_STRING "Libint2 2.8.0"
| #define PACKAGE_BUGREPORT "libint@valeyev.net"
| #define PACKAGE_URL ""
| #define LIBINT_HOST_ARCH "x86_64-apple-darwin21.6.0"
| #define LIBINT_TARGET_ARCH "x86_64-apple-darwin21.6.0"
| #define LIBINT_MAJOR_VERSION 2
| #define LIBINT_MINOR_VERSION 8
| #define LIBINT_MICRO_VERSION 0
| #define LIBINT_CGSHELL_ORDERING 1
| #define LIBINT_CGSHELL_ORDERING_STANDARD 1
| #define LIBINT_CGSHELL_ORDERING_INTV3 2
| #define LIBINT_CGSHELL_ORDERING_GAMESS 3
| #define LIBINT_CGSHELL_ORDERING_ORCA 4
| #define LIBINT_CGSHELL_ORDERING_BAGEL 5
| #define LIBINT_SHGSHELL_ORDERING 1
| #define LIBINT_SHGSHELL_ORDERING_STANDARD 1
| #define LIBINT_SHGSHELL_ORDERING_GAUSSIAN 2
| #define LIBINT_SHELL_SET 1
| #define LIBINT_SHELL_SET_STANDARD 1
| #define LIBINT_SHELL_SET_ORCA 2
| #define DISABLE_ONEBODY_PROPERTY_DERIVS 1
| #define LIBINT_MAX_AM 4
| #define LIBINT_OPT_AM 3
| #define INCLUDE_ERI 0
| #define MULTIPOLE_MAX_ORDER 4
| #define INCLUDE_ONEBODY 0
| #define LIBINT_USE_COMPOSITE_EVALUATORS 1
| #define LIBINT_ENABLE_UNROLLING 100
| #define LIBINT_SINGLE_EVALTYPE 1
| #define LIBINT_CONTRACTED_INTS 1
| #define LIBINT_ERI_STRATEGY 1
| #define LIBINT_BUILDID ""
| #define LIBINT_VERSION "2.8.0"
| /* end confdefs.h.  */
| #include <stddef.h>
| #ifdef HAVE_STDIO_H
| # include <stdio.h>
| #endif
| #ifdef HAVE_STDLIB_H
| # include <stdlib.h>
| #endif
| #ifdef HAVE_STRING_H
| # include <string.h>
| #endif
| #ifdef HAVE_INTTYPES_H
| # include <inttypes.h>
| #endif
| #ifdef HAVE_STDINT_H
| # include <stdint.h>
| #endif
| #ifdef HAVE_STRINGS_H
| # include <strings.h>
| #endif
| #ifdef HAVE_SYS_TYPES_H
| # include <sys/types.h>
| #endif
| #ifdef HAVE_SYS_STAT_H
| # include <sys/stat.h>
| #endif
| #ifdef HAVE_UNISTD_H
| # include <unistd.h>
| #endif
| #include <inttypes.h>
configure:6324: result: no
configure:6324: checking for stdint.h
configure:6324: clang++ -c  -no-ipo -O3 -no-prec-div -xHost -std=c++11  -I/opt/local/include/eigen3 conftest.cpp >&5
clang: error: unknown argument: '-no-ipo'
clang: error: unknown argument: '-no-prec-div'
clang: error: language not recognized: 'Host'
clang: warning: conftest.cpp: 'linker' input unused [-Wunused-command-line-argument]
configure:6324: $? = 1
configure: failed program was:
| /* confdefs.h */
| #define PACKAGE_NAME "Libint2"
| #define PACKAGE_TARNAME "libint2"
| #define PACKAGE_VERSION "2.8.0"
| #define PACKAGE_STRING "Libint2 2.8.0"
| #define PACKAGE_BUGREPORT "libint@valeyev.net"
| #define PACKAGE_URL ""
| #define LIBINT_HOST_ARCH "x86_64-apple-darwin21.6.0"
| #define LIBINT_TARGET_ARCH "x86_64-apple-darwin21.6.0"
| #define LIBINT_MAJOR_VERSION 2
| #define LIBINT_MINOR_VERSION 8
| #define LIBINT_MICRO_VERSION 0
| #define LIBINT_CGSHELL_ORDERING 1
| #define LIBINT_CGSHELL_ORDERING_STANDARD 1
| #define LIBINT_CGSHELL_ORDERING_INTV3 2
| #define LIBINT_CGSHELL_ORDERING_GAMESS 3
| #define LIBINT_CGSHELL_ORDERING_ORCA 4
| #define LIBINT_CGSHELL_ORDERING_BAGEL 5
| #define LIBINT_SHGSHELL_ORDERING 1
| #define LIBINT_SHGSHELL_ORDERING_STANDARD 1
| #define LIBINT_SHGSHELL_ORDERING_GAUSSIAN 2
| #define LIBINT_SHELL_SET 1
| #define LIBINT_SHELL_SET_STANDARD 1
| #define LIBINT_SHELL_SET_ORCA 2
| #define DISABLE_ONEBODY_PROPERTY_DERIVS 1
| #define LIBINT_MAX_AM 4
| #define LIBINT_OPT_AM 3
| #define INCLUDE_ERI 0
| #define MULTIPOLE_MAX_ORDER 4
| #define INCLUDE_ONEBODY 0
| #define LIBINT_USE_COMPOSITE_EVALUATORS 1
| #define LIBINT_ENABLE_UNROLLING 100
| #define LIBINT_SINGLE_EVALTYPE 1
| #define LIBINT_CONTRACTED_INTS 1
| #define LIBINT_ERI_STRATEGY 1
| #define LIBINT_BUILDID ""
| #define LIBINT_VERSION "2.8.0"
| /* end confdefs.h.  */
| #include <stddef.h>
| #ifdef HAVE_STDIO_H
| # include <stdio.h>
| #endif
| #ifdef HAVE_STDLIB_H
| # include <stdlib.h>
| #endif
| #ifdef HAVE_STRING_H
| # include <string.h>
| #endif
| #ifdef HAVE_INTTYPES_H
| # include <inttypes.h>
| #endif
| #ifdef HAVE_STDINT_H
| # include <stdint.h>
| #endif
| #ifdef HAVE_STRINGS_H
| # include <strings.h>
| #endif
| #ifdef HAVE_SYS_TYPES_H
| # include <sys/types.h>
| #endif
| #ifdef HAVE_SYS_STAT_H
| # include <sys/stat.h>
| #endif
| #ifdef HAVE_UNISTD_H
| # include <unistd.h>
| #endif
| #include <stdint.h>
configure:6324: result: no
configure:6324: checking for strings.h
configure:6324: clang++ -c  -no-ipo -O3 -no-prec-div -xHost -std=c++11  -I/opt/local/include/eigen3 conftest.cpp >&5
clang: error: unknown argument: '-no-ipo'
clang: error: unknown argument: '-no-prec-div'
clang: error: language not recognized: 'Host'
clang: warning: conftest.cpp: 'linker' input unused [-Wunused-command-line-argument]
configure:6324: $? = 1
configure: failed program was:
| /* confdefs.h */
| #define PACKAGE_NAME "Libint2"
| #define PACKAGE_TARNAME "libint2"
| #define PACKAGE_VERSION "2.8.0"
| #define PACKAGE_STRING "Libint2 2.8.0"
| #define PACKAGE_BUGREPORT "libint@valeyev.net"
| #define PACKAGE_URL ""
| #define LIBINT_HOST_ARCH "x86_64-apple-darwin21.6.0"
| #define LIBINT_TARGET_ARCH "x86_64-apple-darwin21.6.0"
| #define LIBINT_MAJOR_VERSION 2
| #define LIBINT_MINOR_VERSION 8
| #define LIBINT_MICRO_VERSION 0
| #define LIBINT_CGSHELL_ORDERING 1
| #define LIBINT_CGSHELL_ORDERING_STANDARD 1
| #define LIBINT_CGSHELL_ORDERING_INTV3 2
| #define LIBINT_CGSHELL_ORDERING_GAMESS 3
| #define LIBINT_CGSHELL_ORDERING_ORCA 4
| #define LIBINT_CGSHELL_ORDERING_BAGEL 5
| #define LIBINT_SHGSHELL_ORDERING 1
| #define LIBINT_SHGSHELL_ORDERING_STANDARD 1
| #define LIBINT_SHGSHELL_ORDERING_GAUSSIAN 2
| #define LIBINT_SHELL_SET 1
| #define LIBINT_SHELL_SET_STANDARD 1
| #define LIBINT_SHELL_SET_ORCA 2
| #define DISABLE_ONEBODY_PROPERTY_DERIVS 1
| #define LIBINT_MAX_AM 4
| #define LIBINT_OPT_AM 3
| #define INCLUDE_ERI 0
| #define MULTIPOLE_MAX_ORDER 4
| #define INCLUDE_ONEBODY 0
| #define LIBINT_USE_COMPOSITE_EVALUATORS 1
| #define LIBINT_ENABLE_UNROLLING 100
| #define LIBINT_SINGLE_EVALTYPE 1
| #define LIBINT_CONTRACTED_INTS 1
| #define LIBINT_ERI_STRATEGY 1
| #define LIBINT_BUILDID ""
| #define LIBINT_VERSION "2.8.0"
| /* end confdefs.h.  */
| #include <stddef.h>
| #ifdef HAVE_STDIO_H
| # include <stdio.h>
| #endif
| #ifdef HAVE_STDLIB_H
| # include <stdlib.h>
| #endif
| #ifdef HAVE_STRING_H
| # include <string.h>
| #endif
| #ifdef HAVE_INTTYPES_H
| # include <inttypes.h>
| #endif
| #ifdef HAVE_STDINT_H
| # include <stdint.h>
| #endif
| #ifdef HAVE_STRINGS_H
| # include <strings.h>
| #endif
| #ifdef HAVE_SYS_TYPES_H
| # include <sys/types.h>
| #endif
| #ifdef HAVE_SYS_STAT_H
| # include <sys/stat.h>
| #endif
| #ifdef HAVE_UNISTD_H
| # include <unistd.h>
| #endif
| #include <strings.h>
configure:6324: result: no
configure:6324: checking for sys/stat.h
configure:6324: clang++ -c  -no-ipo -O3 -no-prec-div -xHost -std=c++11  -I/opt/local/include/eigen3 conftest.cpp >&5
clang: error: unknown argument: '-no-ipo'
clang: error: unknown argument: '-no-prec-div'
clang: error: language not recognized: 'Host'
clang: warning: conftest.cpp: 'linker' input unused [-Wunused-command-line-argument]
configure:6324: $? = 1
configure: failed program was:
| /* confdefs.h */
| #define PACKAGE_NAME "Libint2"
| #define PACKAGE_TARNAME "libint2"
| #define PACKAGE_VERSION "2.8.0"
| #define PACKAGE_STRING "Libint2 2.8.0"
| #define PACKAGE_BUGREPORT "libint@valeyev.net"
| #define PACKAGE_URL ""
| #define LIBINT_HOST_ARCH "x86_64-apple-darwin21.6.0"
| #define LIBINT_TARGET_ARCH "x86_64-apple-darwin21.6.0"
| #define LIBINT_MAJOR_VERSION 2
| #define LIBINT_MINOR_VERSION 8
| #define LIBINT_MICRO_VERSION 0
| #define LIBINT_CGSHELL_ORDERING 1
| #define LIBINT_CGSHELL_ORDERING_STANDARD 1
| #define LIBINT_CGSHELL_ORDERING_INTV3 2
| #define LIBINT_CGSHELL_ORDERING_GAMESS 3
| #define LIBINT_CGSHELL_ORDERING_ORCA 4
| #define LIBINT_CGSHELL_ORDERING_BAGEL 5
| #define LIBINT_SHGSHELL_ORDERING 1
| #define LIBINT_SHGSHELL_ORDERING_STANDARD 1
| #define LIBINT_SHGSHELL_ORDERING_GAUSSIAN 2
| #define LIBINT_SHELL_SET 1
| #define LIBINT_SHELL_SET_STANDARD 1
| #define LIBINT_SHELL_SET_ORCA 2
| #define DISABLE_ONEBODY_PROPERTY_DERIVS 1
| #define LIBINT_MAX_AM 4
| #define LIBINT_OPT_AM 3
| #define INCLUDE_ERI 0
| #define MULTIPOLE_MAX_ORDER 4
| #define INCLUDE_ONEBODY 0
| #define LIBINT_USE_COMPOSITE_EVALUATORS 1
| #define LIBINT_ENABLE_UNROLLING 100
| #define LIBINT_SINGLE_EVALTYPE 1
| #define LIBINT_CONTRACTED_INTS 1
| #define LIBINT_ERI_STRATEGY 1
| #define LIBINT_BUILDID ""
| #define LIBINT_VERSION "2.8.0"
| /* end confdefs.h.  */
| #include <stddef.h>
| #ifdef HAVE_STDIO_H
| # include <stdio.h>
| #endif
| #ifdef HAVE_STDLIB_H
| # include <stdlib.h>
| #endif
| #ifdef HAVE_STRING_H
| # include <string.h>
| #endif
| #ifdef HAVE_INTTYPES_H
| # include <inttypes.h>
| #endif
| #ifdef HAVE_STDINT_H
| # include <stdint.h>
| #endif
| #ifdef HAVE_STRINGS_H
| # include <strings.h>
| #endif
| #ifdef HAVE_SYS_TYPES_H
| # include <sys/types.h>
| #endif
| #ifdef HAVE_SYS_STAT_H
| # include <sys/stat.h>
| #endif
| #ifdef HAVE_UNISTD_H
| # include <unistd.h>
| #endif
| #include <sys/stat.h>
configure:6324: result: no
configure:6324: checking for sys/types.h
configure:6324: clang++ -c  -no-ipo -O3 -no-prec-div -xHost -std=c++11  -I/opt/local/include/eigen3 conftest.cpp >&5
clang: error: unknown argument: '-no-ipo'
clang: error: unknown argument: '-no-prec-div'
clang: error: language not recognized: 'Host'
clang: warning: conftest.cpp: 'linker' input unused [-Wunused-command-line-argument]
configure:6324: $? = 1
configure: failed program was:
| /* confdefs.h */
| #define PACKAGE_NAME "Libint2"
| #define PACKAGE_TARNAME "libint2"
| #define PACKAGE_VERSION "2.8.0"
| #define PACKAGE_STRING "Libint2 2.8.0"
| #define PACKAGE_BUGREPORT "libint@valeyev.net"
| #define PACKAGE_URL ""
| #define LIBINT_HOST_ARCH "x86_64-apple-darwin21.6.0"
| #define LIBINT_TARGET_ARCH "x86_64-apple-darwin21.6.0"
| #define LIBINT_MAJOR_VERSION 2
| #define LIBINT_MINOR_VERSION 8
| #define LIBINT_MICRO_VERSION 0
| #define LIBINT_CGSHELL_ORDERING 1
| #define LIBINT_CGSHELL_ORDERING_STANDARD 1
| #define LIBINT_CGSHELL_ORDERING_INTV3 2
| #define LIBINT_CGSHELL_ORDERING_GAMESS 3
| #define LIBINT_CGSHELL_ORDERING_ORCA 4
| #define LIBINT_CGSHELL_ORDERING_BAGEL 5
| #define LIBINT_SHGSHELL_ORDERING 1
| #define LIBINT_SHGSHELL_ORDERING_STANDARD 1
| #define LIBINT_SHGSHELL_ORDERING_GAUSSIAN 2
| #define LIBINT_SHELL_SET 1
| #define LIBINT_SHELL_SET_STANDARD 1
| #define LIBINT_SHELL_SET_ORCA 2
| #define DISABLE_ONEBODY_PROPERTY_DERIVS 1
| #define LIBINT_MAX_AM 4
| #define LIBINT_OPT_AM 3
| #define INCLUDE_ERI 0
| #define MULTIPOLE_MAX_ORDER 4
| #define INCLUDE_ONEBODY 0
| #define LIBINT_USE_COMPOSITE_EVALUATORS 1
| #define LIBINT_ENABLE_UNROLLING 100
| #define LIBINT_SINGLE_EVALTYPE 1
| #define LIBINT_CONTRACTED_INTS 1
| #define LIBINT_ERI_STRATEGY 1
| #define LIBINT_BUILDID ""
| #define LIBINT_VERSION "2.8.0"
| /* end confdefs.h.  */
| #include <stddef.h>
| #ifdef HAVE_STDIO_H
| # include <stdio.h>
| #endif
| #ifdef HAVE_STDLIB_H
| # include <stdlib.h>
| #endif
| #ifdef HAVE_STRING_H
| # include <string.h>
| #endif
| #ifdef HAVE_INTTYPES_H
| # include <inttypes.h>
| #endif
| #ifdef HAVE_STDINT_H
| # include <stdint.h>
| #endif
| #ifdef HAVE_STRINGS_H
| # include <strings.h>
| #endif
| #ifdef HAVE_SYS_TYPES_H
| # include <sys/types.h>
| #endif
| #ifdef HAVE_SYS_STAT_H
| # include <sys/stat.h>
| #endif
| #ifdef HAVE_UNISTD_H
| # include <unistd.h>
| #endif
| #include <sys/types.h>
configure:6324: result: no
configure:6324: checking for unistd.h
configure:6324: clang++ -c  -no-ipo -O3 -no-prec-div -xHost -std=c++11  -I/opt/local/include/eigen3 conftest.cpp >&5
clang: error: unknown argument: '-no-ipo'
clang: error: unknown argument: '-no-prec-div'
clang: error: language not recognized: 'Host'
clang: warning: conftest.cpp: 'linker' input unused [-Wunused-command-line-argument]
configure:6324: $? = 1
configure: failed program was:
| /* confdefs.h */
| #define PACKAGE_NAME "Libint2"
| #define PACKAGE_TARNAME "libint2"
| #define PACKAGE_VERSION "2.8.0"
| #define PACKAGE_STRING "Libint2 2.8.0"
| #define PACKAGE_BUGREPORT "libint@valeyev.net"
| #define PACKAGE_URL ""
| #define LIBINT_HOST_ARCH "x86_64-apple-darwin21.6.0"
| #define LIBINT_TARGET_ARCH "x86_64-apple-darwin21.6.0"
| #define LIBINT_MAJOR_VERSION 2
| #define LIBINT_MINOR_VERSION 8
| #define LIBINT_MICRO_VERSION 0
| #define LIBINT_CGSHELL_ORDERING 1
| #define LIBINT_CGSHELL_ORDERING_STANDARD 1
| #define LIBINT_CGSHELL_ORDERING_INTV3 2
| #define LIBINT_CGSHELL_ORDERING_GAMESS 3
| #define LIBINT_CGSHELL_ORDERING_ORCA 4
| #define LIBINT_CGSHELL_ORDERING_BAGEL 5
| #define LIBINT_SHGSHELL_ORDERING 1
| #define LIBINT_SHGSHELL_ORDERING_STANDARD 1
| #define LIBINT_SHGSHELL_ORDERING_GAUSSIAN 2
| #define LIBINT_SHELL_SET 1
| #define LIBINT_SHELL_SET_STANDARD 1
| #define LIBINT_SHELL_SET_ORCA 2
| #define DISABLE_ONEBODY_PROPERTY_DERIVS 1
| #define LIBINT_MAX_AM 4
| #define LIBINT_OPT_AM 3
| #define INCLUDE_ERI 0
| #define MULTIPOLE_MAX_ORDER 4
| #define INCLUDE_ONEBODY 0
| #define LIBINT_USE_COMPOSITE_EVALUATORS 1
| #define LIBINT_ENABLE_UNROLLING 100
| #define LIBINT_SINGLE_EVALTYPE 1
| #define LIBINT_CONTRACTED_INTS 1
| #define LIBINT_ERI_STRATEGY 1
| #define LIBINT_BUILDID ""
| #define LIBINT_VERSION "2.8.0"
| /* end confdefs.h.  */
| #include <stddef.h>
| #ifdef HAVE_STDIO_H
| # include <stdio.h>
| #endif
| #ifdef HAVE_STDLIB_H
| # include <stdlib.h>
| #endif
| #ifdef HAVE_STRING_H
| # include <string.h>
| #endif
| #ifdef HAVE_INTTYPES_H
| # include <inttypes.h>
| #endif
| #ifdef HAVE_STDINT_H
| # include <stdint.h>
| #endif
| #ifdef HAVE_STRINGS_H
| # include <strings.h>
| #endif
| #ifdef HAVE_SYS_TYPES_H
| # include <sys/types.h>
| #endif
| #ifdef HAVE_SYS_STAT_H
| # include <sys/stat.h>
| #endif
| #ifdef HAVE_UNISTD_H
| # include <unistd.h>
| #endif
| #include <unistd.h>
configure:6324: result: no
configure:6349: checking for limits.h
configure:6349: clang++ -c  -no-ipo -O3 -no-prec-div -xHost -std=c++11  -I/opt/local/include/eigen3 conftest.cpp >&5
clang: error: unknown argument: '-no-ipo'
clang: error: unknown argument: '-no-prec-div'
clang: error: language not recognized: 'Host'
clang: warning: conftest.cpp: 'linker' input unused [-Wunused-command-line-argument]
configure:6349: $? = 1
configure: failed program was:
| /* confdefs.h */
| #define PACKAGE_NAME "Libint2"
| #define PACKAGE_TARNAME "libint2"
| #define PACKAGE_VERSION "2.8.0"
| #define PACKAGE_STRING "Libint2 2.8.0"
| #define PACKAGE_BUGREPORT "libint@valeyev.net"
| #define PACKAGE_URL ""
| #define LIBINT_HOST_ARCH "x86_64-apple-darwin21.6.0"
| #define LIBINT_TARGET_ARCH "x86_64-apple-darwin21.6.0"
| #define LIBINT_MAJOR_VERSION 2
| #define LIBINT_MINOR_VERSION 8
| #define LIBINT_MICRO_VERSION 0
| #define LIBINT_CGSHELL_ORDERING 1
| #define LIBINT_CGSHELL_ORDERING_STANDARD 1
| #define LIBINT_CGSHELL_ORDERING_INTV3 2
| #define LIBINT_CGSHELL_ORDERING_GAMESS 3
| #define LIBINT_CGSHELL_ORDERING_ORCA 4
| #define LIBINT_CGSHELL_ORDERING_BAGEL 5
| #define LIBINT_SHGSHELL_ORDERING 1
| #define LIBINT_SHGSHELL_ORDERING_STANDARD 1
| #define LIBINT_SHGSHELL_ORDERING_GAUSSIAN 2
| #define LIBINT_SHELL_SET 1
| #define LIBINT_SHELL_SET_STANDARD 1
| #define LIBINT_SHELL_SET_ORCA 2
| #define DISABLE_ONEBODY_PROPERTY_DERIVS 1
| #define LIBINT_MAX_AM 4
| #define LIBINT_OPT_AM 3
| #define INCLUDE_ERI 0
| #define MULTIPOLE_MAX_ORDER 4
| #define INCLUDE_ONEBODY 0
| #define LIBINT_USE_COMPOSITE_EVALUATORS 1
| #define LIBINT_ENABLE_UNROLLING 100
| #define LIBINT_SINGLE_EVALTYPE 1
| #define LIBINT_CONTRACTED_INTS 1
| #define LIBINT_ERI_STRATEGY 1
| #define LIBINT_BUILDID ""
| #define LIBINT_VERSION "2.8.0"
| /* end confdefs.h.  */
| #include <stddef.h>
| #ifdef HAVE_STDIO_H
| # include <stdio.h>
| #endif
| #ifdef HAVE_STDLIB_H
| # include <stdlib.h>
| #endif
| #ifdef HAVE_STRING_H
| # include <string.h>
| #endif
| #ifdef HAVE_INTTYPES_H
| # include <inttypes.h>
| #endif
| #ifdef HAVE_STDINT_H
| # include <stdint.h>
| #endif
| #ifdef HAVE_STRINGS_H
| # include <strings.h>
| #endif
| #ifdef HAVE_SYS_TYPES_H
| # include <sys/types.h>
| #endif
| #ifdef HAVE_SYS_STAT_H
| # include <sys/stat.h>
| #endif
| #ifdef HAVE_UNISTD_H
| # include <unistd.h>
| #endif
| #include <limits.h>
configure:6349: result: no
configure:6355: checking for stdint.h
configure:6355: result: no
configure:6363: checking for posix_memalign
configure:6363: clang++ -o conftest  -no-ipo -O3 -no-prec-div -xHost -std=c++11  -I/opt/local/include/eigen3 -L/usr/local/opt/lapack/lib conftest.cpp  >&5
clang: error: unknown argument: '-no-ipo'
clang: error: unknown argument: '-no-prec-div'
clang: error: language not recognized: 'Host'
configure:6363: $? = 1
configure: failed program was:
| /* confdefs.h */
| #define PACKAGE_NAME "Libint2"
| #define PACKAGE_TARNAME "libint2"
| #define PACKAGE_VERSION "2.8.0"
| #define PACKAGE_STRING "Libint2 2.8.0"
| #define PACKAGE_BUGREPORT "libint@valeyev.net"
| #define PACKAGE_URL ""
| #define LIBINT_HOST_ARCH "x86_64-apple-darwin21.6.0"
| #define LIBINT_TARGET_ARCH "x86_64-apple-darwin21.6.0"
| #define LIBINT_MAJOR_VERSION 2
| #define LIBINT_MINOR_VERSION 8
| #define LIBINT_MICRO_VERSION 0
| #define LIBINT_CGSHELL_ORDERING 1
| #define LIBINT_CGSHELL_ORDERING_STANDARD 1
| #define LIBINT_CGSHELL_ORDERING_INTV3 2
| #define LIBINT_CGSHELL_ORDERING_GAMESS 3
| #define LIBINT_CGSHELL_ORDERING_ORCA 4
| #define LIBINT_CGSHELL_ORDERING_BAGEL 5
| #define LIBINT_SHGSHELL_ORDERING 1
| #define LIBINT_SHGSHELL_ORDERING_STANDARD 1
| #define LIBINT_SHGSHELL_ORDERING_GAUSSIAN 2
| #define LIBINT_SHELL_SET 1
| #define LIBINT_SHELL_SET_STANDARD 1
| #define LIBINT_SHELL_SET_ORCA 2
| #define DISABLE_ONEBODY_PROPERTY_DERIVS 1
| #define LIBINT_MAX_AM 4
| #define LIBINT_OPT_AM 3
| #define INCLUDE_ERI 0
| #define MULTIPOLE_MAX_ORDER 4
| #define INCLUDE_ONEBODY 0
| #define LIBINT_USE_COMPOSITE_EVALUATORS 1
| #define LIBINT_ENABLE_UNROLLING 100
| #define LIBINT_SINGLE_EVALTYPE 1
| #define LIBINT_CONTRACTED_INTS 1
| #define LIBINT_ERI_STRATEGY 1
| #define LIBINT_BUILDID ""
| #define LIBINT_VERSION "2.8.0"
| /* end confdefs.h.  */
| /* Define posix_memalign to an innocuous variant, in case <limits.h> declares posix_memalign.
|    For example, HP-UX 11i <limits.h> declares gettimeofday.  */
| #define posix_memalign innocuous_posix_memalign
| 
| /* System header to define __stub macros and hopefully few prototypes,
|    which can conflict with char posix_memalign (); below.  */
| 
| #include <limits.h>
| #undef posix_memalign
| 
| /* Override any GCC internal prototype to avoid an error.
|    Use char because int might match the return type of a GCC
|    builtin and then its argument prototype would still apply.  */
| #ifdef __cplusplus
| extern "C"
| #endif
| char posix_memalign ();
| /* The GNU C library defines this for functions which it implements
|     to always fail with ENOSYS.  Some functions are actually named
|     something starting with __ and the normal name is an alias.  */
| #if defined __stub_posix_memalign || defined __stub___posix_memalign
| choke me
| #endif
| 
| int
| main (void)
| {
| return posix_memalign ();
|   ;
|   return 0;
| }
configure:6363: result: no

## ---------------- ##
## Cache variables. ##
## ---------------- ##

ac_cv_build=x86_64-apple-darwin21.6.0
ac_cv_cxx_compiler_gnu=yes
ac_cv_env_CCC_set=
ac_cv_env_CCC_value=
ac_cv_env_CC_set=
ac_cv_env_CC_value=
ac_cv_env_CFLAGS_set=
ac_cv_env_CFLAGS_value=
ac_cv_env_CPPFLAGS_set=set
ac_cv_env_CPPFLAGS_value=-I/usr/local/opt/lapack/include
ac_cv_env_CXXCPP_set=
ac_cv_env_CXXCPP_value=
ac_cv_env_CXXFLAGS_set=
ac_cv_env_CXXFLAGS_value=
ac_cv_env_CXX_set=
ac_cv_env_CXX_value=
ac_cv_env_LDFLAGS_set=set
ac_cv_env_LDFLAGS_value=-L/usr/local/opt/lapack/lib
ac_cv_env_LIBS_set=
ac_cv_env_LIBS_value=
ac_cv_env_LT_SYS_LIBRARY_PATH_set=
ac_cv_env_LT_SYS_LIBRARY_PATH_value=
ac_cv_env_build_alias_set=
ac_cv_env_build_alias_value=
ac_cv_env_host_alias_set=
ac_cv_env_host_alias_value=
ac_cv_env_target_alias_set=
ac_cv_env_target_alias_value=
ac_cv_func_posix_memalign=no
ac_cv_header_inttypes_h=no
ac_cv_header_limits_h=no
ac_cv_header_stdint_h=no
ac_cv_header_stdio_h=no
ac_cv_header_stdlib_h=no
ac_cv_header_string_h=no
ac_cv_header_strings_h=no
ac_cv_header_sys_stat_h=no
ac_cv_header_sys_types_h=no
ac_cv_header_unistd_h=no
ac_cv_host=x86_64-apple-darwin21.6.0
ac_cv_objext=o
ac_cv_path_BIBTEX=/Library/TeX/texbin/bibtex
ac_cv_path_DVIPS=/Library/TeX/texbin/dvips
ac_cv_path_LATEX=/Library/TeX/texbin/latex
ac_cv_path_PDFLATEX=/Library/TeX/texbin/pdflatex
ac_cv_path_PSLATEX=/Library/TeX/texbin/pslatex
ac_cv_path_install='/usr/bin/install -c'
ac_cv_prog_AR=ar
ac_cv_prog_CXXCPP='clang++ -E'
ac_cv_prog_PERL=perl
ac_cv_prog_PYTHON=python
ac_cv_prog_TAR=tar
ac_cv_prog_cxx_11=no
ac_cv_prog_cxx_g=yes
ac_cv_prog_cxx_stdcxx=
ac_cv_prog_make_make_set=yes
ac_cv_target=x86_64-apple-darwin21.6.0

## ----------------- ##
## Output variables. ##
## ----------------- ##

AR='ar'
ARFLAGS='r'
AWK=''
BIBTEX='/Library/TeX/texbin/bibtex'
BOOST_CPPFLAGS=''
BOOST_LDFLAGS=''
BUILDID=''
CC=''
CFLAGS=''
CPPFLAGS='-I/opt/local/include/eigen3'
CXX='clang++'
CXXCPP='clang++ -E'
CXXDEPEND='clang++'
CXXDEPENDFLAGS='-M'
CXXDEPENDSUF='none'
CXXFLAGS=' -no-ipo -O3 -no-prec-div -xHost -std=c++11 '
CXXGEN='clang++'
CXXGENFLAGS=' -O2 -DNDEBUG '
CXXGEN_SUPPORTS_CPP11=''
CXX_COMPATIBLE_WITH_CXXGEN=''
DATADIR_ABSOLUTE=''
DEFS=''
DLLTOOL=''
DOXYGEN=''
DSYMUTIL=''
DUMPBIN=''
DVIPS='/Library/TeX/texbin/dvips'
ECHO_C='\c'
ECHO_N=''
ECHO_T=''
EGREP=''
ENABLESHARED=''
ERI2_MAX_AM='4'
ERI2_MAX_AM_LIST=''
ERI2_OPT_AM='3'
ERI2_OPT_AM_LIST=''
ERI3_MAX_AM='4'
ERI3_MAX_AM_LIST=''
ERI3_OPT_AM='3'
ERI3_OPT_AM_LIST=''
ERI_MAX_AM='4'
ERI_MAX_AM_LIST=''
ERI_OPT_AM='3'
ERI_OPT_AM_LIST=''
EXEEXT=''
EXPORTDIR='libint-2.8.0'
EXTRADEFINES=''
EXTRAINCLUDE=''
FGREP=''
G12DKH_MAX_AM='4'
G12DKH_OPT_AM='3'
G12_MAX_AM='4'
G12_OPT_AM='3'
GREP=''
HAVE_SYSTEM_BOOST_PREPROCESSOR_VARIADICS=''
INSTALL_DATA='${INSTALL} -m 644'
INSTALL_PROGRAM='${INSTALL}'
INSTALL_SCRIPT='${INSTALL}'
LATEX2HTML=''
LATEX='/Library/TeX/texbin/latex'
LD=''
LDFLAGS='-L/usr/local/opt/lapack/lib'
LIBDIRS=''
LIBINT_BUILDID=''
LIBINT_CONTRACTED_INTS='yes'
LIBINT_ERI_DERIV='0'
LIBINT_HAS_EIGEN=''
LIBINT_MAJOR_VERSION='2'
LIBINT_MAX_AM_LIST=''
LIBINT_MICRO_VERSION='0'
LIBINT_MINOR_VERSION='8'
LIBINT_MMM_VERSION='2.8.0'
LIBINT_ONEBODY_DERIV='0'
LIBINT_OPT_AM_LIST=''
LIBINT_SHELL_SET='1'
LIBINT_SHELL_SET_ORCA='2'
LIBINT_SHELL_SET_STANDARD='1'
LIBINT_SO_VERSION='2:3:0'
LIBINT_SUPPORTS_ERI='yes'
LIBINT_SUPPORTS_ONEBODY='yes'
LIBINT_VERSION='2.8.0'
LIBOBJS=''
LIBS=''
LIBSUF='a'
LIBTOOL=''
LIPO=''
LN_S='ln -s'
LTLIBOBJS=''
LT_SYS_LIBRARY_PATH=''
MANIFEST_TOOL=''
NM=''
NMEDIT=''
OBJDUMP=''
OBJEXT='o'
OBJSUF='o'
ONEBODY_MAX_AM='4'
ONEBODY_MAX_AM_LIST=''
ONEBODY_OPT_AM='3'
ONEBODY_OPT_AM_LIST=''
OTOOL64=''
OTOOL=''
PACKAGE_BUGREPORT='libint@valeyev.net'
PACKAGE_NAME='Libint2'
PACKAGE_STRING='Libint2 2.8.0'
PACKAGE_TARNAME='libint2'
PACKAGE_URL=''
PACKAGE_VERSION='2.8.0'
PATH_SEPARATOR=':'
PDFLATEX='/Library/TeX/texbin/pdflatex'
PERL='perl'
PKGCONFIGDIR='$(libdir)/pkgconfig'
PSLATEX='/Library/TeX/texbin/pslatex'
PYTHON='python'
RANLIB=''
SCRATCHDIR='tmp'
SED=''
SET_MAKE=''
SHELL='/bin/sh'
STRIP=''
SUPPORT_T1G12='1'
TAR='tar'
TESTER_ARGS=''
TESTER_ARGS_LONG=''
ac_ct_AR=''
ac_ct_CC=''
ac_ct_CXX=''
ac_ct_DUMPBIN=''
bindir='${exec_prefix}/bin'
build='x86_64-apple-darwin21.6.0'
build_alias=''
build_cpu='x86_64'
build_os='darwin21.6.0'
build_vendor='apple'
datadir='${datarootdir}'
datarootdir='${prefix}/share'
docdir='${datarootdir}/doc/${PACKAGE_TARNAME}'
dvidir='${docdir}'
exec_prefix='NONE'
host='x86_64-apple-darwin21.6.0'
host_alias=''
host_cpu='x86_64'
host_os='darwin21.6.0'
host_vendor='apple'
htmldir='${docdir}'
includedir='${prefix}/include'
infodir='${datarootdir}/info'
libdir='${exec_prefix}/lib'
libexecdir='${exec_prefix}/libexec'
libintincludedir='${prefix}/include'
localedir='${datarootdir}/locale'
localstatedir='${prefix}/var'
mandir='${datarootdir}/man'
oldincludedir='/usr/include'
pdfdir='${docdir}'
prefix='/libint'
program_transform_name='s,x,x,'
psdir='${docdir}'
runstatedir='${localstatedir}/run'
sbindir='${exec_prefix}/sbin'
sharedstatedir='${prefix}/com'
sysconfdir='${prefix}/etc'
target='x86_64-apple-darwin21.6.0'
target_alias=''
target_cpu='x86_64'
target_os='darwin21.6.0'
target_vendor='apple'

## ----------- ##
## confdefs.h. ##
## ----------- ##

/* confdefs.h */
#define PACKAGE_NAME "Libint2"
#define PACKAGE_TARNAME "libint2"
#define PACKAGE_VERSION "2.8.0"
#define PACKAGE_STRING "Libint2 2.8.0"
#define PACKAGE_BUGREPORT "libint@valeyev.net"
#define PACKAGE_URL ""
#define LIBINT_HOST_ARCH "x86_64-apple-darwin21.6.0"
#define LIBINT_TARGET_ARCH "x86_64-apple-darwin21.6.0"
#define LIBINT_MAJOR_VERSION 2
#define LIBINT_MINOR_VERSION 8
#define LIBINT_MICRO_VERSION 0
#define LIBINT_CGSHELL_ORDERING 1
#define LIBINT_CGSHELL_ORDERING_STANDARD 1
#define LIBINT_CGSHELL_ORDERING_INTV3 2
#define LIBINT_CGSHELL_ORDERING_GAMESS 3
#define LIBINT_CGSHELL_ORDERING_ORCA 4
#define LIBINT_CGSHELL_ORDERING_BAGEL 5
#define LIBINT_SHGSHELL_ORDERING 1
#define LIBINT_SHGSHELL_ORDERING_STANDARD 1
#define LIBINT_SHGSHELL_ORDERING_GAUSSIAN 2
#define LIBINT_SHELL_SET 1
#define LIBINT_SHELL_SET_STANDARD 1
#define LIBINT_SHELL_SET_ORCA 2
#define DISABLE_ONEBODY_PROPERTY_DERIVS 1
#define LIBINT_MAX_AM 4
#define LIBINT_OPT_AM 3
#define INCLUDE_ERI 0
#define MULTIPOLE_MAX_ORDER 4
#define INCLUDE_ONEBODY 0
#define LIBINT_USE_COMPOSITE_EVALUATORS 1
#define LIBINT_ENABLE_UNROLLING 100
#define LIBINT_SINGLE_EVALTYPE 1
#define LIBINT_CONTRACTED_INTS 1
#define LIBINT_ERI_STRATEGY 1
#define LIBINT_BUILDID ""
#define LIBINT_VERSION "2.8.0"

configure: exit 1
